<?xml version="1.0" encoding="UTF-8"?>
<!-- Generated by org.testng.reporters.JUnitReportReporter -->
<testsuite hostname="LAPTOP-GB0R114P" failures="0" tests="1" name="advanceSeleniumTesting.TC_DWS_007" time="6.275" errors="0" timestamp="2024-01-31T17:29:35 IST" skipped="0">
  <testcase classname="advanceSeleniumTesting.TC_DWS_007" name="toGiftCards" time="6.275">
    <system-out>
      <![CDATA[Navigated to Gift Cards successfully
TestCase 007 executed Successfully]]>
    </system-out>
  </testcase> <!-- toGiftCards -->
  <system-out>
    <![CDATA[Browser got launched successfully
Browser got maximized successfully
Navigated to demowebshop successfully
Navigated to Homepage successfully
Navigated to Electronics page successfully
Navigated to Camera, photo page successfully
TestCase 010 executed Successfully
Successfully logged out
Browser got closed successfully
Browser got launched successfully
Browser got maximized successfully
Navigated to demowebshop successfully
Navigated to Homepage successfully
Navigated to Apparel & Shoes page successfully
TestCase 004 executed Successfully
Successfully logged out
Browser got closed successfully
Browser got launched successfully
Browser got maximized successfully
Navigated to demowebshop successfully
Navigated to Homepage successfully
Navigated to Digital downloads page successfully
TestCase 005 executed Successfully
Successfully logged out
Browser got closed successfully
Browser got launched successfully
Browser got maximized successfully
Navigated to demowebshop successfully
Navigated to Homepage successfully
Navigated to Jewelry page successfully
TestCase 006 executed Successfully
Successfully logged out
Browser got closed successfully
Browser got launched successfully
Browser got maximized successfully
Navigated to demowebshop successfully
Navigated to Homepage successfully
Navigated to Gift Cards successfully
TestCase 007 executed Successfully
Successfully logged out
Browser got closed successfully
Browser got launched successfully
Browser got maximized successfully
Navigated to demowebshop successfully
Navigated to Homepage successfully
Navigated to Gift Cards successfully
TestCase 008 executed Successfully
Successfully logged out
Browser got closed successfully
Browser got launched successfully
Browser got maximized successfully
Navigated to demowebshop successfully
Navigated to Homepage successfully
TestCase 009 executed Successfully
Successfully logged out
Browser got closed successfully]]>
  </system-out>
</testsuite> <!-- advanceSeleniumTesting.TC_DWS_007 -->
