<?xml version="1.0" encoding="UTF-8"?>
<!-- Generated by org.testng.reporters.JUnitReportReporter -->
<testsuite hostname="LAPTOP-GB0R114P" failures="0" tests="1" name="advanceSeleniumTesting.TC_DWS_001" time="11.036" errors="0" timestamp="2024-01-31T17:45:38 IST" skipped="0">
  <testcase classname="advanceSeleniumTesting.TC_DWS_001" name="toCheckBookPage" time="11.036">
    <system-out>
      <![CDATA[TestCase 001 executed Successfully]]>
    </system-out>
  </testcase> <!-- toCheckBookPage -->
  <system-out>
    <![CDATA[Browser got launched successfully
Browser got maximized successfully
Navigated to demowebshop successfully
Navigated to Homepage successfully
TestCase 001 executed Successfully
Successfully logged out
Browser got closed successfully
Browser got launched successfully
Browser got maximized successfully
Navigated to demowebshop successfully
Navigated to Homepage successfully
Navigated to Computers page successfully
TestCase 002 executed Successfully
Successfully logged out
Browser got closed successfully]]>
  </system-out>
</testsuite> <!-- advanceSeleniumTesting.TC_DWS_001 -->
