<?xml version="1.0" encoding="UTF-8"?>
<!-- Generated by org.testng.reporters.JUnitReportReporter -->
<testsuite hostname="LAPTOP-GB0R114P" failures="0" tests="3" name="advanceSeleniumTesting.ToLearnDataProvider" time="10.386" errors="0" timestamp="2024-01-23T11:51:09 IST" skipped="0">
  <testcase classname="advanceSeleniumTesting.ToLearnDataProvider" name="toLogin" time="2.944"/>
  <testcase classname="advanceSeleniumTesting.ToLearnDataProvider" name="toLogin" time="4.388"/>
  <testcase classname="advanceSeleniumTesting.ToLearnDataProvider" name="toLogin" time="3.054"/>
</testsuite> <!-- advanceSeleniumTesting.ToLearnDataProvider -->
