<?xml version="1.0" encoding="UTF-8"?>
<!-- Generated by org.testng.reporters.JUnitReportReporter -->
<testsuite hostname="LAPTOP-GB0R114P" failures="0" tests="3" name="advanceSeleniumTesting.ToLearnTestNG" time="37.018" errors="0" timestamp="2024-01-18T12:35:57 IST" skipped="0">
  <testcase classname="advanceSeleniumTesting.ToLearnTestNG" name="amazon" time="3.817">
    <system-out>
      <![CDATA[Amazon got executed successfully]]>
    </system-out>
  </testcase> <!-- amazon -->
  <testcase classname="advanceSeleniumTesting.ToLearnTestNG" name="cricbuzz" time="19.018">
    <system-out>
      <![CDATA[Cricbuzz got executed successfully]]>
    </system-out>
  </testcase> <!-- cricbuzz -->
  <testcase classname="advanceSeleniumTesting.ToLearnTestNG" name="buskinRobbins" time="14.183">
    <system-out>
      <![CDATA[BuskinRobbins got executed successfully]]>
    </system-out>
  </testcase> <!-- buskinRobbins -->
  <system-out>
    <![CDATA[Amazon got executed successfully
Cricbuzz got executed successfully
BuskinRobbins got executed successfully]]>
  </system-out>
</testsuite> <!-- advanceSeleniumTesting.ToLearnTestNG -->
