<?xml version="1.0" encoding="UTF-8"?>
<!-- Generated by org.testng.reporters.JUnitReportReporter -->
<testsuite hostname="LAPTOP-GB0R114P" failures="0" tests="1" name="bikes.jawa" time="34.833" errors="0" timestamp="2024-01-22T14:32:20 IST" skipped="0">
  <testcase classname="bikes.jawa" name="jawaBike" time="34.833">
    <system-out>
      <![CDATA[Jawa got launched successfully]]>
    </system-out>
  </testcase> <!-- jawaBike -->
  <system-out>
    <![CDATA[KTM got launched succesfully
Enfield got launched successfully
Jawa got launched successfully
Yamaha got launched successfully
Hero got launched successfully]]>
  </system-out>
</testsuite> <!-- bikes.jawa -->
