<?xml version="1.0" encoding="UTF-8"?>
<!-- Generated by org.testng.reporters.JUnitReportReporter -->
<testsuite hostname="LAPTOP-GB0R114P" failures="0" tests="1" name="bikes.YamahaBike" time="35.017" errors="0" timestamp="2024-01-22T14:32:20 IST" skipped="0">
  <testcase classname="bikes.YamahaBike" name="yamaha" time="35.017">
    <system-out>
      <![CDATA[Yamaha got launched successfully]]>
    </system-out>
  </testcase> <!-- yamaha -->
  <system-out>
    <![CDATA[KTM got launched succesfully
Enfield got launched successfully
Jawa got launched successfully
Yamaha got launched successfully
Hero got launched successfully]]>
  </system-out>
</testsuite> <!-- bikes.YamahaBike -->
