<?xml version="1.0" encoding="UTF-8"?>
<!-- Generated by org.testng.reporters.JUnitReportReporter -->
<testsuite hostname="LAPTOP-GB0R114P" failures="0" tests="1" name="advanceSeleniumTesting.TC_DWS_003" time="6.065" errors="0" timestamp="2024-01-23T09:46:36 IST" skipped="0">
  <testcase classname="advanceSeleniumTesting.TC_DWS_003" name="toCheckElectronicsPage" time="6.065">
    <system-out>
      <![CDATA[Navigated to Electronics page successfully
TestCase 003 executed Successfully]]>
    </system-out>
  </testcase> <!-- toCheckElectronicsPage -->
  <system-out>
    <![CDATA[Browser got launched successfully
Browser got maximized successfully
Navigated to demowebshop successfully
Navigated to Homepage successfully
Navigated to Electronics page successfully
TestCase 003 executed Successfully
Successfully logged out
Browser got closed successfully]]>
  </system-out>
</testsuite> <!-- advanceSeleniumTesting.TC_DWS_003 -->
