<?xml version="1.0" encoding="UTF-8"?>
<!-- Generated by org.testng.reporters.JUnitReportReporter -->
<testsuite hostname="LAPTOP-GB0R114P" failures="0" tests="1" name="bikes.hero" time="52.440" errors="0" timestamp="2024-01-31T16:59:32 IST" skipped="0">
  <testcase classname="bikes.hero" name="herobike" time="52.440">
    <system-out>
      <![CDATA[Hero got launched successfully]]>
    </system-out>
  </testcase> <!-- herobike -->
  <system-out>
    <![CDATA[KTM got launched succesfully
Hero got launched successfully]]>
  </system-out>
</testsuite> <!-- bikes.hero -->
