<?xml version="1.0" encoding="UTF-8"?>
<!-- Generated by org.testng.reporters.JUnitReportReporter -->
<testsuite hostname="LAPTOP-GB0R114P" failures="0" tests="1" name="bikes.KTM" time="31.801" errors="0" timestamp="2024-01-31T16:59:32 IST" skipped="0">
  <testcase classname="bikes.KTM" name="ktm" time="31.801">
    <system-out>
      <![CDATA[KTM got launched succesfully]]>
    </system-out>
  </testcase> <!-- ktm -->
  <system-out>
    <![CDATA[KTM got launched succesfully
Hero got launched successfully]]>
  </system-out>
</testsuite> <!-- bikes.KTM -->
