<?xml version="1.0" encoding="UTF-8"?>
<!-- Generated by org.testng.reporters.JUnitReportReporter -->
<testsuite hostname="LAPTOP-GB0R114P" failures="0" tests="1" name="advanceSeleniumTesting.TC_DWS_010" time="9.860" errors="0" timestamp="2024-01-31T17:31:09 IST" skipped="0">
  <testcase classname="advanceSeleniumTesting.TC_DWS_010" name="toCheckElectronicsPage" time="9.860">
    <system-out>
      <![CDATA[TestCase 010 executed Successfully]]>
    </system-out>
  </testcase> <!-- toCheckElectronicsPage -->
  <system-out>
    <![CDATA[Browser got launched successfully
Browser got maximized successfully
Navigated to demowebshop successfully
Navigated to Homepage successfully
TestCase 010 executed Successfully
Successfully logged out
Browser got closed successfully]]>
  </system-out>
</testsuite> <!-- advanceSeleniumTesting.TC_DWS_010 -->
