<?xml version="1.0" encoding="UTF-8"?>
<!-- Generated by org.testng.reporters.JUnitReportReporter -->
<testsuite hostname="LAPTOP-GB0R114P" failures="0" tests="1" name="advanceSeleniumTesting.ToLearnConfigurationAnnotations" time="0.013" errors="0" timestamp="2024-01-22T11:55:19 IST" skipped="0">
  <testcase classname="advanceSeleniumTesting.ToLearnConfigurationAnnotations" name="testCase" time="0.013">
    <system-out>
      <![CDATA[Testcase got executed]]>
    </system-out>
  </testcase> <!-- testCase -->
  <system-out>
    <![CDATA[Before suit got executed
Before Test got executed
Before Class got executed
Before Method got executed
Testcase got executed
After Method got executed
After Class got executed
After Test got executed
After suit got executed]]>
  </system-out>
</testsuite> <!-- advanceSeleniumTesting.ToLearnConfigurationAnnotations -->
